# JRE version: OpenJDK Runtime Environment (11.0.10) (build 11.0.10+0-b96-7249189)
# Java VM: OpenJDK 64-Bit Server VM (11.0.10+0-b96-7249189, mixed mode, tiered, compressed oops, g1 gc, windows-amd64)
Heap:
 garbage-first heap   total 499712K, used 210432K [0x0000000080000000, 0x0000000100000000)
  region size 1024K, 14 young (14336K), 14 survivors (14336K)
 Metaspace       used 140478K, capacity 144426K, committed 144512K, reserved 1175552K
  class space    used 17590K, capacity 19031K, committed 19072K, reserved 1048576K
GC Heap History (20 events):
Event: 7948.136 GC heap after
{Heap after GC invocations=76 (full 0):
 garbage-first heap   total 433152K, used 154052K [0x0000000080000000, 0x0000000100000000)
  region size 1024K, 4 young (4096K), 4 survivors (4096K)
 Metaspace       used 120497K, capacity 123634K, committed 123776K, reserved 1157120K
  class space    used 15257K, capacity 16398K, committed 16512K, reserved 1048576K
}
Event: 7948.903 GC heap before
{Heap before GC invocations=76 (full 0):
 garbage-first heap   total 433152K, used 179652K [0x0000000080000000, 0x0000000100000000)
  region size 1024K, 29 young (29696K), 4 survivors (4096K)
 Metaspace       used 122493K, capacity 125645K, committed 125824K, reserved 1159168K
  class space    used 15504K, capacity 16662K, committed 16768K, reserved 1048576K
}
Event: 7948.923 GC heap after
{Heap after GC invocations=77 (full 0):
 garbage-first heap   total 433152K, used 154950K [0x0000000080000000, 0x0000000100000000)
  region size 1024K, 1 young (1024K), 1 survivors (1024K)
 Metaspace       used 122493K, capacity 125645K, committed 125824K, reserved 1159168K
  class space    used 15504K, capacity 16662K, committed 16768K, reserved 1048576K
}
Event: 7949.440 GC heap before
{Heap before GC invocations=77 (full 0):
 garbage-first heap   total 433152K, used 195910K [0x0000000080000000, 0x0000000100000000)
  region size 1024K, 41 young (41984K), 1 survivors (1024K)
 Metaspace       used 122499K, capacity 125645K, committed 125824K, reserved 1159168K
  class space    used 15504K, capacity 16662K, committed 16768K, reserved 1048576K
}
Event: 7949.446 GC heap after
{Heap after GC invocations=78 (full 0):
 garbage-first heap   total 433152K, used 154657K [0x0000000080000000, 0x0000000100000000)
  region size 1024K, 1 young (1024K), 1 survivors (1024K)
 Metaspace       used 122499K, capacity 125645K, committed 125824K, reserved 1159168K
  class space    used 15504K, capacity 16662K, committed 16768K, reserved 1048576K
}
Event: 7952.482 GC heap before
{Heap before GC invocations=78 (full 0):
 garbage-first heap   total 433152K, used 227361K [0x0000000080000000, 0x0000000100000000)
  region size 1024K, 58 young (59392K), 1 survivors (1024K)
 Metaspace       used 126289K, capacity 129507K, committed 129664K, reserved 1161216K
  class space    used 15791K, capacity 16968K, committed 17024K, reserved 1048576K
}
Event: 7952.538 GC heap after
{Heap after GC invocations=79 (full 0):
 garbage-first heap   total 433152K, used 159906K [0x0000000080000000, 0x0000000100000000)
  region size 1024K, 6 young (6144K), 6 survivors (6144K)
 Metaspace       used 126289K, capacity 129507K, committed 129664K, reserved 1161216K
  class space    used 15791K, capacity 16968K, committed 17024K, reserved 1048576K
}
Event: 7954.332 GC heap before
{Heap before GC invocations=79 (full 0):
 garbage-first heap   total 433152K, used 222370K [0x0000000080000000, 0x0000000100000000)
  region size 1024K, 67 young (68608K), 6 survivors (6144K)
 Metaspace       used 127265K, capacity 130531K, committed 130816K, reserved 1163264K
  class space    used 15855K, capacity 17032K, committed 17152K, reserved 1048576K
}
Event: 7954.358 GC heap after
{Heap after GC invocations=80 (full 0):
 garbage-first heap   total 433152K, used 156712K [0x0000000080000000, 0x0000000100000000)
  region size 1024K, 1 young (1024K), 1 survivors (1024K)
 Metaspace       used 127265K, capacity 130531K, committed 130816K, reserved 1163264K
  class space    used 15855K, capacity 17032K, committed 17152K, reserved 1048576K
}
Event: 7959.952 GC heap before
{Heap before GC invocations=80 (full 0):
 garbage-first heap   total 433152K, used 238632K [0x0000000080000000, 0x0000000100000000)
  region size 1024K, 82 young (83968K), 1 survivors (1024K)
 Metaspace       used 129596K, capacity 132841K, committed 132992K, reserved 1165312K
  class space    used 16107K, capacity 17258K, committed 17280K, reserved 1048576K
}
Event: 7960.019 GC heap after
{Heap after GC invocations=81 (full 0):
 garbage-first heap   total 433152K, used 159937K [0x0000000080000000, 0x0000000100000000)
  region size 1024K, 4 young (4096K), 4 survivors (4096K)
 Metaspace       used 129596K, capacity 132841K, committed 132992K, reserved 1165312K
  class space    used 16107K, capacity 17258K, committed 17280K, reserved 1048576K
}
Event: 7967.075 GC heap before
{Heap before GC invocations=81 (full 0):
 garbage-first heap   total 433152K, used 280769K [0x0000000080000000, 0x0000000100000000)
  region size 1024K, 123 young (125952K), 4 survivors (4096K)
 Metaspace       used 132619K, capacity 136069K, committed 136192K, reserved 1167360K
  class space    used 16563K, capacity 17833K, committed 17920K, reserved 1048576K
}
Event: 7967.192 GC heap after
{Heap after GC invocations=82 (full 0):
 garbage-first heap   total 433152K, used 162576K [0x0000000080000000, 0x0000000100000000)
  region size 1024K, 7 young (7168K), 7 survivors (7168K)
 Metaspace       used 132619K, capacity 136069K, committed 136192K, reserved 1167360K
  class space    used 16563K, capacity 17833K, committed 17920K, reserved 1048576K
}
Event: 7970.914 GC heap before
{Heap before GC invocations=82 (full 0):
 garbage-first heap   total 433152K, used 284432K [0x0000000080000000, 0x0000000100000000)
  region size 1024K, 127 young (130048K), 7 survivors (7168K)
 Metaspace       used 139658K, capacity 143498K, committed 143616K, reserved 1173504K
  class space    used 17526K, capacity 18936K, committed 18944K, reserved 1048576K
}
Event: 7971.029 GC heap after
{Heap after GC invocations=83 (full 0):
 garbage-first heap   total 433152K, used 170632K [0x0000000080000000, 0x0000000100000000)
  region size 1024K, 15 young (15360K), 15 survivors (15360K)
 Metaspace       used 139658K, capacity 143498K, committed 143616K, reserved 1173504K
  class space    used 17526K, capacity 18936K, committed 18944K, reserved 1048576K
}
Event: 7973.477 GC heap before
{Heap before GC invocations=83 (full 0):
 garbage-first heap   total 433152K, used 301704K [0x0000000080000000, 0x0000000100000000)
  region size 1024K, 143 young (146432K), 15 survivors (15360K)
 Metaspace       used 140073K, capacity 143953K, committed 144256K, reserved 1175552K
  class space    used 17542K, capacity 18973K, committed 19072K, reserved 1048576K
}
Event: 7973.575 GC heap after
{Heap after GC invocations=84 (full 0):
 garbage-first heap   total 433152K, used 181366K [0x0000000080000000, 0x0000000100000000)
  region size 1024K, 18 young (18432K), 18 survivors (18432K)
 Metaspace       used 140073K, capacity 143953K, committed 144256K, reserved 1175552K
  class space    used 17542K, capacity 18973K, committed 19072K, reserved 1048576K
}
Event: 7975.112 GC heap before
{Heap before GC invocations=84 (full 0):
 garbage-first heap   total 433152K, used 304246K [0x0000000080000000, 0x0000000100000000)
  region size 1024K, 138 young (141312K), 18 survivors (18432K)
 Metaspace       used 140354K, capacity 144289K, committed 144512K, reserved 1175552K
  class space    used 17573K, capacity 18987K, committed 19072K, reserved 1048576K
}
Event: 7975.253 GC heap after
{Heap after GC invocations=85 (full 0):
 garbage-first heap   total 433152K, used 198625K [0x0000000080000000, 0x0000000100000000)
  region size 1024K, 18 young (18432K), 18 survivors (18432K)
 Metaspace       used 140354K, capacity 144289K, committed 144512K, reserved 1175552K
  class space    used 17573K, capacity 18987K, committed 19072K, reserved 1048576K
}
Event: 7976.074 GC heap before
{Heap before GC invocations=85 (full 0):
 garbage-first heap   total 433152K, used 311265K [0x0000000080000000, 0x0000000100000000)
  region size 1024K, 129 young (132096K), 18 survivors (18432K)
 Metaspace       used 140478K, capacity 144426K, committed 144512K, reserved 1175552K
  class space    used 17590K, capacity 19031K, committed 19072K, reserved 1048576K
}

