# JRE version: OpenJDK Runtime Environment (11.0.10) (build 11.0.10+0-b96-7249189)
# Java VM: OpenJDK 64-Bit Server VM (11.0.10+0-b96-7249189, mixed mode, tiered, compressed oops, g1 gc, windows-amd64)
Heap:
 garbage-first heap   total 362496K, used 176147K [0x0000000080000000, 0x0000000100000000)
  region size 1024K, 34 young (34816K), 5 survivors (5120K)
 Metaspace       used 141915K, capacity 145879K, committed 146168K, reserved 1175552K
  class space    used 17695K, capacity 19175K, committed 19276K, reserved 1048576K
GC Heap History (20 events):
Event: 414.144 GC heap before
{Heap before GC invocations=94 (full 0):
 garbage-first heap   total 362496K, used 205050K [0x0000000080000000, 0x0000000100000000)
  region size 1024K, 30 young (30720K), 2 survivors (2048K)
 Metaspace       used 125364K, capacity 128706K, committed 128760K, reserved 1161216K
  class space    used 15684K, capacity 16945K, committed 16972K, reserved 1048576K
}
Event: 414.246 GC heap after
{Heap after GC invocations=95 (full 0):
 garbage-first heap   total 362496K, used 170967K [0x0000000080000000, 0x0000000100000000)
  region size 1024K, 4 young (4096K), 4 survivors (4096K)
 Metaspace       used 125364K, capacity 128706K, committed 128760K, reserved 1161216K
  class space    used 15684K, capacity 16945K, committed 16972K, reserved 1048576K
}
Event: 415.667 GC heap before
{Heap before GC invocations=96 (full 0):
 garbage-first heap   total 362496K, used 184279K [0x0000000080000000, 0x0000000100000000)
  region size 1024K, 17 young (17408K), 4 survivors (4096K)
 Metaspace       used 125776K, capacity 129199K, committed 129400K, reserved 1161216K
  class space    used 15720K, capacity 16980K, committed 17100K, reserved 1048576K
}
Event: 415.696 GC heap after
{Heap after GC invocations=97 (full 0):
 garbage-first heap   total 362496K, used 171713K [0x0000000080000000, 0x0000000100000000)
  region size 1024K, 1 young (1024K), 1 survivors (1024K)
 Metaspace       used 125776K, capacity 129199K, committed 129400K, reserved 1161216K
  class space    used 15720K, capacity 16980K, committed 17100K, reserved 1048576K
}
Event: 415.984 GC heap before
{Heap before GC invocations=97 (full 0):
 garbage-first heap   total 362496K, used 188097K [0x0000000080000000, 0x0000000100000000)
  region size 1024K, 17 young (17408K), 1 survivors (1024K)
 Metaspace       used 125782K, capacity 129199K, committed 129400K, reserved 1161216K
  class space    used 15720K, capacity 16980K, committed 17100K, reserved 1048576K
}
Event: 416.004 GC heap after
{Heap after GC invocations=98 (full 0):
 garbage-first heap   total 362496K, used 160365K [0x0000000080000000, 0x0000000100000000)
  region size 1024K, 1 young (1024K), 1 survivors (1024K)
 Metaspace       used 125782K, capacity 129199K, committed 129400K, reserved 1161216K
  class space    used 15720K, capacity 16980K, committed 17100K, reserved 1048576K
}
Event: 416.441 GC heap before
{Heap before GC invocations=98 (full 0):
 garbage-first heap   total 362496K, used 195181K [0x0000000080000000, 0x0000000100000000)
  region size 1024K, 35 young (35840K), 1 survivors (1024K)
 Metaspace       used 125865K, capacity 129269K, committed 129400K, reserved 1161216K
  class space    used 15728K, capacity 16982K, committed 17100K, reserved 1048576K
}
Event: 416.474 GC heap after
{Heap after GC invocations=99 (full 0):
 garbage-first heap   total 362496K, used 165037K [0x0000000080000000, 0x0000000100000000)
  region size 1024K, 4 young (4096K), 4 survivors (4096K)
 Metaspace       used 125865K, capacity 129269K, committed 129400K, reserved 1161216K
  class space    used 15728K, capacity 16982K, committed 17100K, reserved 1048576K
}
Event: 420.673 GC heap before
{Heap before GC invocations=100 (full 0):
 garbage-first heap   total 362496K, used 224429K [0x0000000080000000, 0x0000000100000000)
  region size 1024K, 49 young (50176K), 4 survivors (4096K)
 Metaspace       used 129465K, capacity 132837K, committed 132984K, reserved 1165312K
  class space    used 16005K, capacity 17254K, committed 17356K, reserved 1048576K
}
Event: 420.717 GC heap after
{Heap after GC invocations=101 (full 0):
 garbage-first heap   total 362496K, used 165851K [0x0000000080000000, 0x0000000100000000)
  region size 1024K, 6 young (6144K), 6 survivors (6144K)
 Metaspace       used 129465K, capacity 132837K, committed 132984K, reserved 1165312K
  class space    used 16005K, capacity 17254K, committed 17356K, reserved 1048576K
}
Event: 424.602 GC heap before
{Heap before GC invocations=101 (full 0):
 garbage-first heap   total 362496K, used 227291K [0x0000000080000000, 0x0000000100000000)
  region size 1024K, 66 young (67584K), 6 survivors (6144K)
 Metaspace       used 130501K, capacity 133925K, committed 134008K, reserved 1165312K
  class space    used 16068K, capacity 17318K, committed 17356K, reserved 1048576K
}
Event: 424.638 GC heap after
{Heap after GC invocations=102 (full 0):
 garbage-first heap   total 362496K, used 163819K [0x0000000080000000, 0x0000000100000000)
  region size 1024K, 1 young (1024K), 1 survivors (1024K)
 Metaspace       used 130501K, capacity 133925K, committed 134008K, reserved 1165312K
  class space    used 16068K, capacity 17318K, committed 17356K, reserved 1048576K
}
Event: 428.766 GC heap before
{Heap before GC invocations=102 (full 0):
 garbage-first heap   total 362496K, used 252907K [0x0000000080000000, 0x0000000100000000)
  region size 1024K, 89 young (91136K), 1 survivors (1024K)
 Metaspace       used 132843K, capacity 136268K, committed 136312K, reserved 1167360K
  class space    used 16324K, capacity 17579K, committed 17612K, reserved 1048576K
}
Event: 428.848 GC heap after
{Heap after GC invocations=103 (full 0):
 garbage-first heap   total 362496K, used 167449K [0x0000000080000000, 0x0000000100000000)
  region size 1024K, 5 young (5120K), 5 survivors (5120K)
 Metaspace       used 132843K, capacity 136268K, committed 136312K, reserved 1167360K
  class space    used 16324K, capacity 17579K, committed 17612K, reserved 1048576K
}
Event: 440.356 GC heap before
{Heap before GC invocations=104 (full 0):
 garbage-first heap   total 362496K, used 256537K [0x0000000080000000, 0x0000000100000000)
  region size 1024K, 98 young (100352K), 5 survivors (5120K)
 Metaspace       used 133405K, capacity 136755K, committed 136824K, reserved 1169408K
  class space    used 16360K, capacity 17585K, committed 17612K, reserved 1048576K
}
Event: 440.570 GC heap after
{Heap after GC invocations=105 (full 0):
 garbage-first heap   total 362496K, used 164465K [0x0000000080000000, 0x0000000100000000)
  region size 1024K, 7 young (7168K), 7 survivors (7168K)
 Metaspace       used 133405K, capacity 136755K, committed 136824K, reserved 1169408K
  class space    used 16360K, capacity 17585K, committed 17612K, reserved 1048576K
}
Event: 442.867 GC heap before
{Heap before GC invocations=105 (full 0):
 garbage-first heap   total 362496K, used 173681K [0x0000000080000000, 0x0000000100000000)
  region size 1024K, 17 young (17408K), 7 survivors (7168K)
 Metaspace       used 133551K, capacity 136889K, committed 137208K, reserved 1169408K
  class space    used 16378K, capacity 17634K, committed 17740K, reserved 1048576K
}
Event: 443.016 GC heap after
{Heap after GC invocations=106 (full 0):
 garbage-first heap   total 362496K, used 145062K [0x0000000080000000, 0x0000000100000000)
  region size 1024K, 1 young (1024K), 1 survivors (1024K)
 Metaspace       used 133551K, capacity 136889K, committed 137208K, reserved 1169408K
  class space    used 16378K, capacity 17634K, committed 17740K, reserved 1048576K
}
Event: 447.690 GC heap before
{Heap before GC invocations=106 (full 0):
 garbage-first heap   total 362496K, used 216742K [0x0000000080000000, 0x0000000100000000)
  region size 1024K, 72 young (73728K), 1 survivors (1024K)
 Metaspace       used 137662K, capacity 141358K, committed 141560K, reserved 1173504K
  class space    used 17013K, capacity 18394K, committed 18508K, reserved 1048576K
}
Event: 447.717 GC heap after
{Heap after GC invocations=107 (full 0):
 garbage-first heap   total 362496K, used 148499K [0x0000000080000000, 0x0000000100000000)
  region size 1024K, 5 young (5120K), 5 survivors (5120K)
 Metaspace       used 137662K, capacity 141358K, committed 141560K, reserved 1173504K
  class space    used 17013K, capacity 18394K, committed 18508K, reserved 1048576K
}

