# JRE version: OpenJDK Runtime Environment (11.0.10) (build 11.0.10+0-b96-7249189)
# Java VM: OpenJDK 64-Bit Server VM (11.0.10+0-b96-7249189, mixed mode, tiered, compressed oops, g1 gc, windows-amd64)
Heap:
 garbage-first heap   total 549888K, used 238080K [0x0000000080000000, 0x0000000100000000)
  region size 1024K, 3 young (3072K), 3 survivors (3072K)
 Metaspace       used 103792K, capacity 106607K, committed 106748K, reserved 1142784K
  class space    used 13329K, capacity 14373K, committed 14464K, reserved 1048576K
GC Heap History (20 events):
Event: 77.082 GC heap after
{Heap after GC invocations=86 (full 0):
 garbage-first heap   total 359424K, used 165069K [0x0000000080000000, 0x0000000100000000)
  region size 1024K, 5 young (5120K), 5 survivors (5120K)
 Metaspace       used 102327K, capacity 104936K, committed 104956K, reserved 1140736K
  class space    used 13187K, capacity 14189K, committed 14208K, reserved 1048576K
}
Event: 78.107 GC heap before
{Heap before GC invocations=86 (full 0):
 garbage-first heap   total 359424K, used 315597K [0x0000000080000000, 0x0000000100000000)
  region size 1024K, 152 young (155648K), 5 survivors (5120K)
 Metaspace       used 102330K, capacity 104936K, committed 104956K, reserved 1140736K
  class space    used 13187K, capacity 14189K, committed 14208K, reserved 1048576K
}
Event: 78.134 GC heap after
{Heap after GC invocations=87 (full 0):
 garbage-first heap   total 359424K, used 165866K [0x0000000080000000, 0x0000000100000000)
  region size 1024K, 6 young (6144K), 6 survivors (6144K)
 Metaspace       used 102330K, capacity 104936K, committed 104956K, reserved 1140736K
  class space    used 13187K, capacity 14189K, committed 14208K, reserved 1048576K
}
Event: 79.224 GC heap before
{Heap before GC invocations=87 (full 0):
 garbage-first heap   total 359424K, used 315370K [0x0000000080000000, 0x0000000100000000)
  region size 1024K, 152 young (155648K), 6 survivors (6144K)
 Metaspace       used 102335K, capacity 104936K, committed 104956K, reserved 1140736K
  class space    used 13187K, capacity 14189K, committed 14208K, reserved 1048576K
}
Event: 79.251 GC heap after
{Heap after GC invocations=88 (full 0):
 garbage-first heap   total 359424K, used 166716K [0x0000000080000000, 0x0000000100000000)
  region size 1024K, 7 young (7168K), 7 survivors (7168K)
 Metaspace       used 102335K, capacity 104936K, committed 104956K, reserved 1140736K
  class space    used 13187K, capacity 14189K, committed 14208K, reserved 1048576K
}
Event: 81.144 GC heap before
{Heap before GC invocations=88 (full 0):
 garbage-first heap   total 359424K, used 316220K [0x0000000080000000, 0x0000000100000000)
  region size 1024K, 151 young (154624K), 7 survivors (7168K)
 Metaspace       used 102401K, capacity 105010K, committed 105212K, reserved 1140736K
  class space    used 13188K, capacity 14189K, committed 14208K, reserved 1048576K
}
Event: 81.180 GC heap after
{Heap after GC invocations=89 (full 0):
 garbage-first heap   total 359424K, used 172631K [0x0000000080000000, 0x0000000100000000)
  region size 1024K, 11 young (11264K), 11 survivors (11264K)
 Metaspace       used 102401K, capacity 105010K, committed 105212K, reserved 1140736K
  class space    used 13188K, capacity 14189K, committed 14208K, reserved 1048576K
}
Event: 85.818 GC heap before
{Heap before GC invocations=89 (full 0):
 garbage-first heap   total 359424K, used 312919K [0x0000000080000000, 0x0000000100000000)
  region size 1024K, 145 young (148480K), 11 survivors (11264K)
 Metaspace       used 102415K, capacity 105015K, committed 105212K, reserved 1140736K
  class space    used 13188K, capacity 14189K, committed 14208K, reserved 1048576K
}
Event: 85.849 GC heap after
{Heap after GC invocations=90 (full 0):
 garbage-first heap   total 359424K, used 167632K [0x0000000080000000, 0x0000000100000000)
  region size 1024K, 7 young (7168K), 7 survivors (7168K)
 Metaspace       used 102415K, capacity 105015K, committed 105212K, reserved 1140736K
  class space    used 13188K, capacity 14189K, committed 14208K, reserved 1048576K
}
Event: 86.889 GC heap before
{Heap before GC invocations=90 (full 0):
 garbage-first heap   total 359424K, used 315088K [0x0000000080000000, 0x0000000100000000)
  region size 1024K, 151 young (154624K), 7 survivors (7168K)
 Metaspace       used 102419K, capacity 105015K, committed 105212K, reserved 1140736K
  class space    used 13190K, capacity 14189K, committed 14208K, reserved 1048576K
}
Event: 86.917 GC heap after
{Heap after GC invocations=91 (full 0):
 garbage-first heap   total 359424K, used 167771K [0x0000000080000000, 0x0000000100000000)
  region size 1024K, 7 young (7168K), 7 survivors (7168K)
 Metaspace       used 102419K, capacity 105015K, committed 105212K, reserved 1140736K
  class space    used 13190K, capacity 14189K, committed 14208K, reserved 1048576K
}
Event: 88.080 GC heap before
{Heap before GC invocations=91 (full 0):
 garbage-first heap   total 359424K, used 315227K [0x0000000080000000, 0x0000000100000000)
  region size 1024K, 151 young (154624K), 7 survivors (7168K)
 Metaspace       used 102428K, capacity 105027K, committed 105212K, reserved 1140736K
  class space    used 13191K, capacity 14191K, committed 14208K, reserved 1048576K
}
Event: 88.110 GC heap after
{Heap after GC invocations=92 (full 0):
 garbage-first heap   total 359424K, used 168782K [0x0000000080000000, 0x0000000100000000)
  region size 1024K, 8 young (8192K), 8 survivors (8192K)
 Metaspace       used 102428K, capacity 105027K, committed 105212K, reserved 1140736K
  class space    used 13191K, capacity 14191K, committed 14208K, reserved 1048576K
}
Event: 91.180 GC heap before
{Heap before GC invocations=92 (full 0):
 garbage-first heap   total 359424K, used 301902K [0x0000000080000000, 0x0000000100000000)
  region size 1024K, 130 young (133120K), 8 survivors (8192K)
 Metaspace       used 102748K, capacity 105395K, committed 105596K, reserved 1140736K
  class space    used 13221K, capacity 14266K, committed 14336K, reserved 1048576K
}
Event: 91.242 GC heap after
{Heap after GC invocations=93 (full 0):
 garbage-first heap   total 359424K, used 170603K [0x0000000080000000, 0x0000000100000000)
  region size 1024K, 7 young (7168K), 7 survivors (7168K)
 Metaspace       used 102748K, capacity 105395K, committed 105596K, reserved 1140736K
  class space    used 13221K, capacity 14266K, committed 14336K, reserved 1048576K
}
Event: 94.896 GC heap before
{Heap before GC invocations=94 (full 0):
 garbage-first heap   total 359424K, used 342635K [0x0000000080000000, 0x0000000100000000)
  region size 1024K, 148 young (151552K), 7 survivors (7168K)
 Metaspace       used 103787K, capacity 106601K, committed 106748K, reserved 1142784K
  class space    used 13328K, capacity 14372K, committed 14464K, reserved 1048576K
}
Event: 95.121 GC heap after
{Heap after GC invocations=95 (full 0):
 garbage-first heap   total 408576K, used 246627K [0x0000000080000000, 0x0000000100000000)
  region size 1024K, 19 young (19456K), 19 survivors (19456K)
 Metaspace       used 103787K, capacity 106601K, committed 106748K, reserved 1142784K
  class space    used 13328K, capacity 14372K, committed 14464K, reserved 1048576K
}
Event: 95.141 GC heap before
{Heap before GC invocations=95 (full 0):
 garbage-first heap   total 408576K, used 247651K [0x0000000080000000, 0x0000000100000000)
  region size 1024K, 20 young (20480K), 19 survivors (19456K)
 Metaspace       used 103787K, capacity 106601K, committed 106748K, reserved 1142784K
  class space    used 13328K, capacity 14372K, committed 14464K, reserved 1048576K
}
Event: 95.269 GC heap after
{Heap after GC invocations=96 (full 0):
 garbage-first heap   total 408576K, used 239104K [0x0000000080000000, 0x0000000100000000)
  region size 1024K, 2 young (2048K), 2 survivors (2048K)
 Metaspace       used 103787K, capacity 106601K, committed 106748K, reserved 1142784K
  class space    used 13328K, capacity 14372K, committed 14464K, reserved 1048576K
}
Event: 95.387 GC heap before
{Heap before GC invocations=96 (full 0):
 garbage-first heap   total 408576K, used 256512K [0x0000000080000000, 0x0000000100000000)
  region size 1024K, 19 young (19456K), 2 survivors (2048K)
 Metaspace       used 103792K, capacity 106607K, committed 106748K, reserved 1142784K
  class space    used 13329K, capacity 14373K, committed 14464K, reserved 1048576K
}

